Using pre-set license
Built from '2021.3/staging' branch; Version is '2021.3.5f1 (40eb3a945986) revision 4254522'; Using compiler version '192829333'; Build Type 'Release'
OS: 'Windows 10  (10.0.19044) 64bit Core' Language: 'ko' Physical Memory: 16314 MB
BatchMode: 1, IsHumanControllingUs: 0, StartBugReporterOnCrash: 0, Is64bit: 1, IsPro: 1

COMMAND LINE ARGUMENTS:
C:\Program Files\2021.3.5f1\Editor\Unity.exe
-adb2
-batchMode
-noUpm
-name
AssetImportWorker3
-projectPath
D:/2차수정unity_shooting
-logFile
Logs/AssetImportWorker3.log
-srvPort
6969
Successfully changed project path to: D:/2차수정unity_shooting
D:/2차수정unity_shooting
[UnityMemory] Configuration Parameters - Can be set up in boot.config
    "memorysetup-bucket-allocator-granularity=16"
    "memorysetup-bucket-allocator-bucket-count=8"
    "memorysetup-bucket-allocator-block-size=33554432"
    "memorysetup-bucket-allocator-block-count=8"
    "memorysetup-main-allocator-block-size=16777216"
    "memorysetup-thread-allocator-block-size=16777216"
    "memorysetup-gfx-main-allocator-block-size=16777216"
    "memorysetup-gfx-thread-allocator-block-size=16777216"
    "memorysetup-cache-allocator-block-size=4194304"
    "memorysetup-typetree-allocator-block-size=2097152"
    "memorysetup-profiler-bucket-allocator-granularity=16"
    "memorysetup-profiler-bucket-allocator-bucket-count=8"
    "memorysetup-profiler-bucket-allocator-block-size=33554432"
    "memorysetup-profiler-bucket-allocator-block-count=8"
    "memorysetup-profiler-allocator-block-size=16777216"
    "memorysetup-profiler-editor-allocator-block-size=1048576"
    "memorysetup-temp-allocator-size-main=16777216"
    "memorysetup-job-temp-allocator-block-size=2097152"
    "memorysetup-job-temp-allocator-block-size-background=1048576"
    "memorysetup-job-temp-allocator-reduction-small-platforms=262144"
    "memorysetup-temp-allocator-size-background-worker=32768"
    "memorysetup-temp-allocator-size-job-worker=262144"
    "memorysetup-temp-allocator-size-preload-manager=33554432"
    "memorysetup-temp-allocator-size-nav-mesh-worker=65536"
    "memorysetup-temp-allocator-size-audio-worker=65536"
    "memorysetup-temp-allocator-size-cloud-worker=32768"
    "memorysetup-temp-allocator-size-gi-baking-worker=262144"
    "memorysetup-temp-allocator-size-gfx=262144"
Refreshing native plugins compatible for Editor in 35.18 ms, found 2 plugins.
Preloading 0 native plugins for Editor in 0.00 ms.
Initialize engine version: 2021.3.5f1 (40eb3a945986)
[Subsystems] Discovering subsystems at path C:/Program Files/2021.3.5f1/Editor/Data/Resources/UnitySubsystems
[Subsystems] Discovering subsystems at path D:/2차수정unity_shooting/Assets
GfxDevice: creating device client; threaded=0; jobified=0
Direct3D:
    Version:  Direct3D 11.0 [level 11.1]
    Renderer: NVIDIA GeForce GTX 1660 SUPER (ID=0x21c4)
    Vendor:   NVIDIA
    VRAM:     5991 MB
    Driver:   30.0.15.1179
Initialize mono
Mono path[0] = 'C:/Program Files/2021.3.5f1/Editor/Data/Managed'
Mono path[1] = 'C:/Program Files/2021.3.5f1/Editor/Data/MonoBleedingEdge/lib/mono/unityjit-win32'
Mono config path = 'C:/Program Files/2021.3.5f1/Editor/Data/MonoBleedingEdge/etc'
Using monoOptions --debugger-agent=transport=dt_socket,embedding=1,server=y,suspend=n,address=127.0.0.1:56300
Begin MonoManager ReloadAssembly
Registering precompiled unity dll's ...
Register platform support module: C:/Program Files/2021.3.5f1/Editor/Data/PlaybackEngines/WindowsStandaloneSupport/UnityEditor.WindowsStandalone.Extensions.dll
Registered in 0.011458 seconds.
Native extension for WindowsStandalone target not found
Refreshing native plugins compatible for Editor in 32.50 ms, found 2 plugins.
Preloading 0 native plugins for Editor in 0.00 ms.
Mono: successfully reloaded assembly
- Completed reload, in  0.619 seconds
Domain Reload Profiling:
	ReloadAssembly (619ms)
		BeginReloadAssembly (108ms)
			ExecutionOrderSort (0ms)
			DisableScriptedObjects (0ms)
			BackupInstance (0ms)
			ReleaseScriptingObjects (0ms)
			CreateAndSetChildDomain (1ms)
		EndReloadAssembly (382ms)
			LoadAssemblies (103ms)
			RebuildTransferFunctionScriptingTraits (0ms)
			SetupTypeCache (97ms)
			ReleaseScriptCaches (0ms)
			RebuildScriptCaches (29ms)
			SetupLoadedEditorAssemblies (201ms)
				LogAssemblyErrors (0ms)
				InitializePlatformSupportModulesInManaged (10ms)
				SetLoadedEditorAssemblies (0ms)
				RefreshPlugins (33ms)
				BeforeProcessingInitializeOnLoad (1ms)
				ProcessInitializeOnLoadAttributes (110ms)
				ProcessInitializeOnLoadMethodAttributes (47ms)
				AfterProcessingInitializeOnLoad (0ms)
				EditorAssembliesLoaded (0ms)
			ExecutionOrderSort2 (0ms)
			AwakeInstancesAfterBackupRestoration (0ms)
Platform modules already initialized, skipping
Registering precompiled user dll's ...
Registered in 0.005833 seconds.
Begin MonoManager ReloadAssembly
Native extension for WindowsStandalone target not found
Refreshing native plugins compatible for Editor in 0.49 ms, found 2 plugins.
Preloading 0 native plugins for Editor in 0.00 ms.
Mono: successfully reloaded assembly
- Completed reload, in  1.013 seconds
Domain Reload Profiling:
	ReloadAssembly (1014ms)
		BeginReloadAssembly (152ms)
			ExecutionOrderSort (0ms)
			DisableScriptedObjects (6ms)
			BackupInstance (0ms)
			ReleaseScriptingObjects (0ms)
			CreateAndSetChildDomain (22ms)
		EndReloadAssembly (739ms)
			LoadAssemblies (117ms)
			RebuildTransferFunctionScriptingTraits (0ms)
			SetupTypeCache (229ms)
			ReleaseScriptCaches (0ms)
			RebuildScriptCaches (54ms)
			SetupLoadedEditorAssemblies (321ms)
				LogAssemblyErrors (0ms)
				InitializePlatformSupportModulesInManaged (7ms)
				SetLoadedEditorAssemblies (0ms)
				RefreshPlugins (1ms)
				BeforeProcessingInitializeOnLoad (69ms)
				ProcessInitializeOnLoadAttributes (198ms)
				ProcessInitializeOnLoadMethodAttributes (27ms)
				AfterProcessingInitializeOnLoad (20ms)
				EditorAssembliesLoaded (0ms)
			ExecutionOrderSort2 (0ms)
			AwakeInstancesAfterBackupRestoration (12ms)
Platform modules already initialized, skipping
========================================================================
Worker process is ready to serve import requests
Launched and connected shader compiler UnityShaderCompiler.exe after 0.06 seconds
Refreshing native plugins compatible for Editor in 0.49 ms, found 2 plugins.
Preloading 0 native plugins for Editor in 0.00 ms.
Unloading 1822 Unused Serialized files (Serialized files now loaded: 0)
Unloading 20 unused Assets / (55.8 KB). Loaded Objects now: 2309.
Memory consumption went from 164.3 MB to 164.3 MB.
Total: 2.558600 ms (FindLiveObjects: 0.156700 ms CreateObjectMapping: 0.047800 ms MarkObjects: 2.285300 ms  DeleteObjects: 0.067400 ms)

AssetImportParameters requested are different than current active one (requested -> active):
  custom:video-decoder-ogg-theora: a1e56fd34408186e4bbccfd4996cb3dc -> 
  custom:container-muxer-webm: aa71ff27fc2769a1b78a27578f13a17b -> 
  custom:container-demuxer-webm: 4f35f7cbe854078d1ac9338744f61a02 -> 
  custom:video-encoder-webm-vp8: eb34c28f22e8b96e1ab97ce403110664 -> 
  custom:video-codec-MediaFoundation-h265: e54d7ab0439102e2317fc1e4b246158d -> 
  custom:audio-encoder-webm-vorbis: bf7c407c2cedff20999df2af8eb42d56 -> 
  custom:framework-win-MediaFoundation: 216162199b28c13a410421893ffa2e32 -> 
  custom:container-demuxer-ogg: 62fdf1f143b41e24485cea50d1cbac27 -> 
  custom:video-decoder-webm-vp8: 9c59270c3fd7afecdb556c50c9e8de78 -> 
  custom:audio-decoder-ogg-vorbis: bf7c407c2cedff20999df2af8eb42d56 -> 
========================================================================
Received Import Request.
  Time since last request: 6100.531907 seconds.
  path: Assets/IgniteCoders/Simple Water Shader/Prefabs/WaterReflectionCamera.prefab
  artifactKey: Guid(838c0bef810bfe94d8e33947c3cba7c6) Importer(815301076,1909f56bfc062723c751e8b465ee728b)
Start importing Assets/IgniteCoders/Simple Water Shader/Prefabs/WaterReflectionCamera.prefab using Guid(838c0bef810bfe94d8e33947c3cba7c6) Importer(815301076,1909f56bfc062723c751e8b465ee728b)  -> (artifact id: '1a7c1796bb407e6cac5336b8e3835262') in 0.060308 seconds 
========================================================================
Received Import Request.
  Time since last request: 11.042633 seconds.
  path: Assets/IgniteCoders/Simple Water Shader/Resources/Water_mat_02.mat
  artifactKey: Guid(8759ec410a6774b4ea13ae32dc2b8d2e) Importer(815301076,1909f56bfc062723c751e8b465ee728b)
Start importing Assets/IgniteCoders/Simple Water Shader/Resources/Water_mat_02.mat using Guid(8759ec410a6774b4ea13ae32dc2b8d2e) Importer(815301076,1909f56bfc062723c751e8b465ee728b)  -> (artifact id: 'f4773c8281b55301b8b6f12a13f6c839') in 0.148087 seconds 
========================================================================
Received Prepare
Registering precompiled user dll's ...
Registered in 0.005540 seconds.
Begin MonoManager ReloadAssembly
Native extension for WindowsStandalone target not found
Refreshing native plugins compatible for Editor in 0.53 ms, found 2 plugins.
Preloading 0 native plugins for Editor in 0.00 ms.
Mono: successfully reloaded assembly
- Completed reload, in  1.086 seconds
Domain Reload Profiling:
	ReloadAssembly (1088ms)
		BeginReloadAssembly (229ms)
			ExecutionOrderSort (0ms)
			DisableScriptedObjects (5ms)
			BackupInstance (0ms)
			ReleaseScriptingObjects (0ms)
			CreateAndSetChildDomain (61ms)
		EndReloadAssembly (740ms)
			LoadAssemblies (155ms)
			RebuildTransferFunctionScriptingTraits (0ms)
			SetupTypeCache (213ms)
			ReleaseScriptCaches (1ms)
			RebuildScriptCaches (41ms)
			SetupLoadedEditorAssemblies (343ms)
				LogAssemblyErrors (0ms)
				InitializePlatformSupportModulesInManaged (15ms)
				SetLoadedEditorAssemblies (0ms)
				RefreshPlugins (1ms)
				BeforeProcessingInitializeOnLoad (69ms)
				ProcessInitializeOnLoadAttributes (198ms)
				ProcessInitializeOnLoadMethodAttributes (30ms)
				AfterProcessingInitializeOnLoad (30ms)
				EditorAssembliesLoaded (0ms)
			ExecutionOrderSort2 (0ms)
			AwakeInstancesAfterBackupRestoration (14ms)
Platform modules already initialized, skipping
Refreshing native plugins compatible for Editor in 1.46 ms, found 2 plugins.
Preloading 0 native plugins for Editor in 0.00 ms.
Unloading 1804 Unused Serialized files (Serialized files now loaded: 0)
Unloading 13 unused Assets / (24.6 KB). Loaded Objects now: 2354.
Memory consumption went from 166.8 MB to 166.8 MB.
Total: 2.568500 ms (FindLiveObjects: 0.185300 ms CreateObjectMapping: 0.043000 ms MarkObjects: 2.326900 ms  DeleteObjects: 0.012500 ms)

AssetImportParameters requested are different than current active one (requested -> active):
  custom:video-decoder-ogg-theora: a1e56fd34408186e4bbccfd4996cb3dc -> 
  custom:container-muxer-webm: aa71ff27fc2769a1b78a27578f13a17b -> 
  custom:container-demuxer-webm: 4f35f7cbe854078d1ac9338744f61a02 -> 
  custom:video-encoder-webm-vp8: eb34c28f22e8b96e1ab97ce403110664 -> 
  custom:video-codec-MediaFoundation-h265: e54d7ab0439102e2317fc1e4b246158d -> 
  custom:audio-encoder-webm-vorbis: bf7c407c2cedff20999df2af8eb42d56 -> 
  custom:framework-win-MediaFoundation: 216162199b28c13a410421893ffa2e32 -> 
  custom:container-demuxer-ogg: 62fdf1f143b41e24485cea50d1cbac27 -> 
  custom:video-decoder-webm-vp8: 9c59270c3fd7afecdb556c50c9e8de78 -> 
  custom:audio-decoder-ogg-vorbis: bf7c407c2cedff20999df2af8eb42d56 -> 
========================================================================
Received Prepare
Registering precompiled user dll's ...
Registered in 0.006678 seconds.
Begin MonoManager ReloadAssembly
Native extension for WindowsStandalone target not found
Refreshing native plugins compatible for Editor in 0.51 ms, found 2 plugins.
Preloading 0 native plugins for Editor in 0.00 ms.
Mono: successfully reloaded assembly
- Completed reload, in  1.063 seconds
Domain Reload Profiling:
	ReloadAssembly (1064ms)
		BeginReloadAssembly (181ms)
			ExecutionOrderSort (0ms)
			DisableScriptedObjects (5ms)
			BackupInstance (0ms)
			ReleaseScriptingObjects (0ms)
			CreateAndSetChildDomain (31ms)
		EndReloadAssembly (734ms)
			LoadAssemblies (141ms)
			RebuildTransferFunctionScriptingTraits (0ms)
			SetupTypeCache (228ms)
			ReleaseScriptCaches (1ms)
			RebuildScriptCaches (38ms)
			SetupLoadedEditorAssemblies (327ms)
				LogAssemblyErrors (0ms)
				InitializePlatformSupportModulesInManaged (14ms)
				SetLoadedEditorAssemblies (0ms)
				RefreshPlugins (1ms)
				BeforeProcessingInitializeOnLoad (67ms)
				ProcessInitializeOnLoadAttributes (193ms)
				ProcessInitializeOnLoadMethodAttributes (28ms)
				AfterProcessingInitializeOnLoad (24ms)
				EditorAssembliesLoaded (0ms)
			ExecutionOrderSort2 (0ms)
			AwakeInstancesAfterBackupRestoration (14ms)
Platform modules already initialized, skipping
Refreshing native plugins compatible for Editor in 1.56 ms, found 2 plugins.
Preloading 0 native plugins for Editor in 0.00 ms.
Unloading 1801 Unused Serialized files (Serialized files now loaded: 0)
Unloading 15 unused Assets / (24.7 KB). Loaded Objects now: 2355.
Memory consumption went from 166.8 MB to 166.7 MB.
Total: 2.483100 ms (FindLiveObjects: 0.187500 ms CreateObjectMapping: 0.043900 ms MarkObjects: 2.234200 ms  DeleteObjects: 0.016700 ms)

AssetImportParameters requested are different than current active one (requested -> active):
  custom:video-decoder-ogg-theora: a1e56fd34408186e4bbccfd4996cb3dc -> 
  custom:container-muxer-webm: aa71ff27fc2769a1b78a27578f13a17b -> 
  custom:container-demuxer-webm: 4f35f7cbe854078d1ac9338744f61a02 -> 
  custom:video-encoder-webm-vp8: eb34c28f22e8b96e1ab97ce403110664 -> 
  custom:video-codec-MediaFoundation-h265: e54d7ab0439102e2317fc1e4b246158d -> 
  custom:audio-encoder-webm-vorbis: bf7c407c2cedff20999df2af8eb42d56 -> 
  custom:framework-win-MediaFoundation: 216162199b28c13a410421893ffa2e32 -> 
  custom:container-demuxer-ogg: 62fdf1f143b41e24485cea50d1cbac27 -> 
  custom:video-decoder-webm-vp8: 9c59270c3fd7afecdb556c50c9e8de78 -> 
  custom:audio-decoder-ogg-vorbis: bf7c407c2cedff20999df2af8eb42d56 -> 
========================================================================
Received Import Request.
  Time since last request: 275.752418 seconds.
  path: Assets/TerrainData_7c0c72f9-ca0f-46b2-8f51-2d531c4b5c50.asset
  artifactKey: Guid(ec610ba54837b7740b04e90116fbb7ba) Importer(815301076,1909f56bfc062723c751e8b465ee728b)
Start importing Assets/TerrainData_7c0c72f9-ca0f-46b2-8f51-2d531c4b5c50.asset using Guid(ec610ba54837b7740b04e90116fbb7ba) Importer(815301076,1909f56bfc062723c751e8b465ee728b)  -> (artifact id: 'f606bd7dd732ce9841d88920118b31f2') in 11.350694 seconds 
========================================================================
Received Import Request.
  Time since last request: 1.412060 seconds.
  path: Assets/TerrainData_5bbfc411-eca5-43a0-94ed-8fa734a74809.asset
  artifactKey: Guid(6ae30b2141ef1c744be10e667adeede9) Importer(815301076,1909f56bfc062723c751e8b465ee728b)
Start importing Assets/TerrainData_5bbfc411-eca5-43a0-94ed-8fa734a74809.asset using Guid(6ae30b2141ef1c744be10e667adeede9) Importer(815301076,1909f56bfc062723c751e8b465ee728b)  -> (artifact id: 'c674a372fb33aac14c21a65445c0b233') in 3.035521 seconds 
========================================================================
Received Import Request.
  Time since last request: 113.733187 seconds.
  path: Assets/Plane/Assets/Textures/Checkpoint/Rough Blue Metal/CruiseFighter-v2_Check Point_AlbedoTransparency.png
  artifactKey: Guid(bb236802ff40f774e8d117c6f991e7de) Importer(815301076,1909f56bfc062723c751e8b465ee728b)
Start importing Assets/Plane/Assets/Textures/Checkpoint/Rough Blue Metal/CruiseFighter-v2_Check Point_AlbedoTransparency.png using Guid(bb236802ff40f774e8d117c6f991e7de) Importer(815301076,1909f56bfc062723c751e8b465ee728b)  -> (artifact id: 'a74fa020ac3efc48d2e7cb474c1121e4') in 0.071505 seconds 
========================================================================
Received Import Request.
  Time since last request: 0.453793 seconds.
  path: Assets/Plane/Assets/Textures/Checkpoint/Shiny Red/CruiseFighter-v2_Check Point_AlbedoTransparency.png
  artifactKey: Guid(bcf5519b64c934145b5e588e8a12f390) Importer(815301076,1909f56bfc062723c751e8b465ee728b)
Start importing Assets/Plane/Assets/Textures/Checkpoint/Shiny Red/CruiseFighter-v2_Check Point_AlbedoTransparency.png using Guid(bcf5519b64c934145b5e588e8a12f390) Importer(815301076,1909f56bfc062723c751e8b465ee728b)  -> (artifact id: '94bd1c755a564df225a3ce248c238ccc') in 0.041180 seconds 
========================================================================
Received Import Request.
  Time since last request: 0.000028 seconds.
  path: Assets/Plane/Assets/Textures/Checkpoint/Rusty Red/CruiseFighter-v2_Check Point_AO.png
  artifactKey: Guid(59de807f6d5cd784289fb49d0a3196c6) Importer(815301076,1909f56bfc062723c751e8b465ee728b)
Start importing Assets/Plane/Assets/Textures/Checkpoint/Rusty Red/CruiseFighter-v2_Check Point_AO.png using Guid(59de807f6d5cd784289fb49d0a3196c6) Importer(815301076,1909f56bfc062723c751e8b465ee728b)  -> (artifact id: '6c8bb28b7d1d8b5ca658b17c166a28fd') in 0.285704 seconds 
========================================================================
Received Import Request.
  Time since last request: 0.000017 seconds.
  path: Assets/Plane/Assets/Textures/Exteria/Copper/CruiseFighter_Exteria_AO.png
  artifactKey: Guid(0b0bb9e93b8edd3498c0bfc268f44192) Importer(815301076,1909f56bfc062723c751e8b465ee728b)
Start importing Assets/Plane/Assets/Textures/Exteria/Copper/CruiseFighter_Exteria_AO.png using Guid(0b0bb9e93b8edd3498c0bfc268f44192) Importer(815301076,1909f56bfc062723c751e8b465ee728b)  -> (artifact id: 'f374f20a143b25217ac85a010ba177ee') in 0.100584 seconds 
========================================================================
Received Import Request.
  Time since last request: 0.000398 seconds.
  path: Assets/Plane/Assets/Textures/Exhaust Outlet/Shiny Black/CruiseFighter_Exhaust Outlet_Normal.png
  artifactKey: Guid(2a15f0cccbb8175468e8c88fe95adec8) Importer(815301076,1909f56bfc062723c751e8b465ee728b)
Start importing Assets/Plane/Assets/Textures/Exhaust Outlet/Shiny Black/CruiseFighter_Exhaust Outlet_Normal.png using Guid(2a15f0cccbb8175468e8c88fe95adec8) Importer(815301076,1909f56bfc062723c751e8b465ee728b)  -> (artifact id: 'a2c75866827c3c469a221743b193dcf4') in 0.097059 seconds 
========================================================================
Received Import Request.
  Time since last request: 0.000157 seconds.
  path: Assets/Plane/Assets/Textures/Exhaust Outlet/Gold/CruiseFighter_Exhaust Outlet_AO.png
  artifactKey: Guid(d481d0e67febfdc458220408cafb97f4) Importer(815301076,1909f56bfc062723c751e8b465ee728b)
Start importing Assets/Plane/Assets/Textures/Exhaust Outlet/Gold/CruiseFighter_Exhaust Outlet_AO.png using Guid(d481d0e67febfdc458220408cafb97f4) Importer(815301076,1909f56bfc062723c751e8b465ee728b)  -> (artifact id: 'fedc2fad05658d567dfa3dbfb747b7e4') in 0.030266 seconds 
========================================================================
Received Import Request.
  Time since last request: 0.000716 seconds.
  path: Assets/Plane/Assets/Textures/Exhaust Outlet/Steel Painted/CruiseFighter_Exhaust Outlet_AlbedoTransparency.png
  artifactKey: Guid(578064bbce26c1347a1c387842bf8cb7) Importer(815301076,1909f56bfc062723c751e8b465ee728b)
Start importing Assets/Plane/Assets/Textures/Exhaust Outlet/Steel Painted/CruiseFighter_Exhaust Outlet_AlbedoTransparency.png using Guid(578064bbce26c1347a1c387842bf8cb7) Importer(815301076,1909f56bfc062723c751e8b465ee728b)  -> (artifact id: '5dba902413736a266b3548d5a707a3c3') in 0.027591 seconds 
========================================================================
Received Import Request.
  Time since last request: 0.000019 seconds.
  path: Assets/Plane/Assets/Textures/Body Trim/Steel/CruiseFighter_Glowing_AO.png
  artifactKey: Guid(98ff49d5dde4218468454743d095a6bd) Importer(815301076,1909f56bfc062723c751e8b465ee728b)
Start importing Assets/Plane/Assets/Textures/Body Trim/Steel/CruiseFighter_Glowing_AO.png using Guid(98ff49d5dde4218468454743d095a6bd) Importer(815301076,1909f56bfc062723c751e8b465ee728b)  -> (artifact id: 'c1cfed9ac5ab4d8dc9bda82c95e33b26') in 0.024532 seconds 
========================================================================
Received Import Request.
  Time since last request: 0.000018 seconds.
  path: Assets/Plane/Assets/Textures/Exteria/Iron Shield/CruiseFighter_Exteria_AlbedoTransparency.png
  artifactKey: Guid(eac16ff2157efed418cde66a3b746d1f) Importer(815301076,1909f56bfc062723c751e8b465ee728b)
Start importing Assets/Plane/Assets/Textures/Exteria/Iron Shield/CruiseFighter_Exteria_AlbedoTransparency.png using Guid(eac16ff2157efed418cde66a3b746d1f) Importer(815301076,1909f56bfc062723c751e8b465ee728b)  -> (artifact id: 'cc482972a37e5ba077703409ca96c6d3') in 0.031740 seconds 
========================================================================
Received Import Request.
  Time since last request: 0.000021 seconds.
  path: Assets/Plane/Assets/Textures/Exhaust Outlet/Gold/CruiseFighter_Exhaust Outlet_Normal.png
  artifactKey: Guid(ff30de5032415d9458eebafb8a36e486) Importer(815301076,1909f56bfc062723c751e8b465ee728b)
Start importing Assets/Plane/Assets/Textures/Exhaust Outlet/Gold/CruiseFighter_Exhaust Outlet_Normal.png using Guid(ff30de5032415d9458eebafb8a36e486) Importer(815301076,1909f56bfc062723c751e8b465ee728b)  -> (artifact id: '1a6fe72f946ce248e161c0ae2a8d6318') in 0.039045 seconds 
========================================================================
Received Import Request.
  Time since last request: 0.000026 seconds.
  path: Assets/Plane/Assets/Textures/Exteria/Shiny Black/CruiseFighter_Exteria_MetallicSmoothness.png
  artifactKey: Guid(01f1b54ab2d4cd54cbc6357c6e5c8774) Importer(815301076,1909f56bfc062723c751e8b465ee728b)
Start importing Assets/Plane/Assets/Textures/Exteria/Shiny Black/CruiseFighter_Exteria_MetallicSmoothness.png using Guid(01f1b54ab2d4cd54cbc6357c6e5c8774) Importer(815301076,1909f56bfc062723c751e8b465ee728b)  -> (artifact id: '08a3ca8034c71d05c65472d949e855a8') in 0.038407 seconds 
========================================================================
Received Import Request.
  Time since last request: 0.000021 seconds.
  path: Assets/Plane/Assets/Textures/Exhaust Outlet/Steel Painted/CruiseFighter_Exhaust Outlet_Normal.png
  artifactKey: Guid(e765b82a47ee30948a93271cd75454ed) Importer(815301076,1909f56bfc062723c751e8b465ee728b)
Start importing Assets/Plane/Assets/Textures/Exhaust Outlet/Steel Painted/CruiseFighter_Exhaust Outlet_Normal.png using Guid(e765b82a47ee30948a93271cd75454ed) Importer(815301076,1909f56bfc062723c751e8b465ee728b)  -> (artifact id: 'f0e83817cf9f99f25349c77e48f836f3') in 0.027115 seconds 
========================================================================
Received Import Request.
  Time since last request: 0.000017 seconds.
  path: Assets/Plane/Assets/Textures/Exteria/Silver/CruiseFighter_Exteria_AO.png
  artifactKey: Guid(437d178240d463a4aa357658d63982dd) Importer(815301076,1909f56bfc062723c751e8b465ee728b)
Start importing Assets/Plane/Assets/Textures/Exteria/Silver/CruiseFighter_Exteria_AO.png using Guid(437d178240d463a4aa357658d63982dd) Importer(815301076,1909f56bfc062723c751e8b465ee728b)  -> (artifact id: 'bedb01960684408fd642bfb7f9ecc0f8') in 0.013066 seconds 
========================================================================
Received Import Request.
  Time since last request: 0.000024 seconds.
  path: Assets/Plane/Assets/Textures/Checkpoint/Gold/CruiseFighter-v2_Check Point_Normal.png
  artifactKey: Guid(96d875354f4297641bf640009678a0e9) Importer(815301076,1909f56bfc062723c751e8b465ee728b)
Start importing Assets/Plane/Assets/Textures/Checkpoint/Gold/CruiseFighter-v2_Check Point_Normal.png using Guid(96d875354f4297641bf640009678a0e9) Importer(815301076,1909f56bfc062723c751e8b465ee728b)  -> (artifact id: '006ec8c54e4eaf1ff9824ea0fdc200f6') in 0.022785 seconds 
========================================================================
Received Import Request.
  Time since last request: 0.000024 seconds.
  path: Assets/Plane/Assets/Textures/Exhaust Outlet/Shiny Black/CruiseFighter_Exhaust Outlet_AlbedoTransparency.png
  artifactKey: Guid(56195eb2995037e45be4711996efae85) Importer(815301076,1909f56bfc062723c751e8b465ee728b)
Start importing Assets/Plane/Assets/Textures/Exhaust Outlet/Shiny Black/CruiseFighter_Exhaust Outlet_AlbedoTransparency.png using Guid(56195eb2995037e45be4711996efae85) Importer(815301076,1909f56bfc062723c751e8b465ee728b)  -> (artifact id: '8d719a2146a139592723895bcda8db6f') in 0.021392 seconds 
========================================================================
Received Import Request.
  Time since last request: 0.000020 seconds.
  path: Assets/Plane/Assets/Textures/Vent/Carbon Fiber/CruiseFighter_Vent_AlbedoTransparency.png
  artifactKey: Guid(bb46b19e99a70a74996df593b1d85731) Importer(815301076,1909f56bfc062723c751e8b465ee728b)
Start importing Assets/Plane/Assets/Textures/Vent/Carbon Fiber/CruiseFighter_Vent_AlbedoTransparency.png using Guid(bb46b19e99a70a74996df593b1d85731) Importer(815301076,1909f56bfc062723c751e8b465ee728b)  -> (artifact id: 'a079867cece8b68c8e712e8f2911a153') in 0.015875 seconds 
========================================================================
Received Import Request.
  Time since last request: 0.000026 seconds.
  path: Assets/Plane/Assets/Textures/Vent/Metal Mesh/CruiseFighter_Vent_MetallicSmoothness.png
  artifactKey: Guid(0e23e4a22b13851468a34fe0f73f3fb2) Importer(815301076,1909f56bfc062723c751e8b465ee728b)
Start importing Assets/Plane/Assets/Textures/Vent/Metal Mesh/CruiseFighter_Vent_MetallicSmoothness.png using Guid(0e23e4a22b13851468a34fe0f73f3fb2) Importer(815301076,1909f56bfc062723c751e8b465ee728b)  -> (artifact id: '8908181ebb51965d624d32744c1fae1f') in 0.045591 seconds 
========================================================================
Received Import Request.
  Time since last request: 0.000026 seconds.
  path: Assets/Plane/Assets/Textures/Vent/Metal Mesh/CruiseFighter_Vent_AO.png
  artifactKey: Guid(e7e55a2283c1f1548bf852cd02ccb487) Importer(815301076,1909f56bfc062723c751e8b465ee728b)
Start importing Assets/Plane/Assets/Textures/Vent/Metal Mesh/CruiseFighter_Vent_AO.png using Guid(e7e55a2283c1f1548bf852cd02ccb487) Importer(815301076,1909f56bfc062723c751e8b465ee728b)  -> (artifact id: 'bf952e68d6ec06327e571fbe6f5ce1fb') in 0.013596 seconds 
========================================================================
Received Import Request.
  Time since last request: 0.000028 seconds.
  path: Assets/Plane/Assets/Textures/Vent/Blue Hex/CruiseFighter_Vent_MetallicSmoothness.png
  artifactKey: Guid(99e566a9f67d622489ce4dc22b468c8f) Importer(815301076,1909f56bfc062723c751e8b465ee728b)
Start importing Assets/Plane/Assets/Textures/Vent/Blue Hex/CruiseFighter_Vent_MetallicSmoothness.png using Guid(99e566a9f67d622489ce4dc22b468c8f) Importer(815301076,1909f56bfc062723c751e8b465ee728b)  -> (artifact id: '4f4bf3fb053b1d497a75747da9234b7c') in 0.246269 seconds 
========================================================================
Received Import Request.
  Time since last request: 0.031935 seconds.
  path: Assets/Plane/Assets/Textures/Window/Black/CruiseFighter_Window_AlbedoTransparency.png
  artifactKey: Guid(347deddd2235b2747963dc81de4eefd7) Importer(815301076,1909f56bfc062723c751e8b465ee728b)
Start importing Assets/Plane/Assets/Textures/Window/Black/CruiseFighter_Window_AlbedoTransparency.png using Guid(347deddd2235b2747963dc81de4eefd7) Importer(815301076,1909f56bfc062723c751e8b465ee728b)  -> (artifact id: '0e439442cf4a035b766855479de02338') in 0.164594 seconds 
========================================================================
Received Import Request.
  Time since last request: 0.013616 seconds.
  path: Assets/Plane/Assets/Textures/Exhaust Outlet/Shiny Black/CruiseFighter_Exhaust Outlet_MetallicSmoothness.png
  artifactKey: Guid(ad7e1e99eefe29d42bfc1fd22a38d7de) Importer(815301076,1909f56bfc062723c751e8b465ee728b)
Start importing Assets/Plane/Assets/Textures/Exhaust Outlet/Shiny Black/CruiseFighter_Exhaust Outlet_MetallicSmoothness.png using Guid(ad7e1e99eefe29d42bfc1fd22a38d7de) Importer(815301076,1909f56bfc062723c751e8b465ee728b)  -> (artifact id: '9423b678c2d6bfa66f20103167d80f5c') in 0.111288 seconds 
========================================================================
Received Import Request.
  Time since last request: 0.009197 seconds.
  path: Assets/Plane/Assets/Textures/Exteria/Iron Shield/CruiseFighter_Exteria_AO.png
  artifactKey: Guid(5be4b70037880a946af638ee455007d6) Importer(815301076,1909f56bfc062723c751e8b465ee728b)
Start importing Assets/Plane/Assets/Textures/Exteria/Iron Shield/CruiseFighter_Exteria_AO.png using Guid(5be4b70037880a946af638ee455007d6) Importer(815301076,1909f56bfc062723c751e8b465ee728b)  -> (artifact id: '5c166924c149cf5a0a75b52eb5732c6c') in 0.113881 seconds 
========================================================================
Received Import Request.
  Time since last request: 0.013865 seconds.
  path: Assets/Plane/Assets/Textures/Vent/Carbon Fiber/CruiseFighter_Vent_Normal.png
  artifactKey: Guid(c0129ed129c6a3e4c896cca0d1184849) Importer(815301076,1909f56bfc062723c751e8b465ee728b)
Start importing Assets/Plane/Assets/Textures/Vent/Carbon Fiber/CruiseFighter_Vent_Normal.png using Guid(c0129ed129c6a3e4c896cca0d1184849) Importer(815301076,1909f56bfc062723c751e8b465ee728b)  -> (artifact id: '9b4930a84e43aeacc9861758c9e8b4d7') in 0.084312 seconds 
========================================================================
Received Import Request.
  Time since last request: 0.000020 seconds.
  path: Assets/Plane/Assets/Textures/Exhaust Outlet/Gold/CruiseFighter_Exhaust Outlet_MetallicSmoothness.png
  artifactKey: Guid(f279c8fb4ec9ed4478a050cc191483e8) Importer(815301076,1909f56bfc062723c751e8b465ee728b)
Start importing Assets/Plane/Assets/Textures/Exhaust Outlet/Gold/CruiseFighter_Exhaust Outlet_MetallicSmoothness.png using Guid(f279c8fb4ec9ed4478a050cc191483e8) Importer(815301076,1909f56bfc062723c751e8b465ee728b)  -> (artifact id: '4eb7cc7095842781dd6a9aeb10e16bf1') in 0.068793 seconds 
========================================================================
Received Import Request.
  Time since last request: 0.000028 seconds.
  path: Assets/Plane/Assets/Textures/Checkpoint/Gold/CruiseFighter-v2_Check Point_AO.png
  artifactKey: Guid(838b46c5cb786f048b3e9dc17d4fd40b) Importer(815301076,1909f56bfc062723c751e8b465ee728b)
Start importing Assets/Plane/Assets/Textures/Checkpoint/Gold/CruiseFighter-v2_Check Point_AO.png using Guid(838b46c5cb786f048b3e9dc17d4fd40b) Importer(815301076,1909f56bfc062723c751e8b465ee728b)  -> (artifact id: 'd25cff9a6101bdcb447d20e3f97303d3') in 0.020415 seconds 
========================================================================
Received Import Request.
  Time since last request: 0.000034 seconds.
  path: Assets/Plane/Assets/Textures/Exteria/Silver/CruiseFighter_Exteria_AlbedoTransparency.png
  artifactKey: Guid(533e0362ce4c01d48bd3261b8877e1ac) Importer(815301076,1909f56bfc062723c751e8b465ee728b)
Start importing Assets/Plane/Assets/Textures/Exteria/Silver/CruiseFighter_Exteria_AlbedoTransparency.png using Guid(533e0362ce4c01d48bd3261b8877e1ac) Importer(815301076,1909f56bfc062723c751e8b465ee728b)  -> (artifact id: '96e8e9e4dd360ae057c3d3b8297d61cb') in 0.035912 seconds 
========================================================================
Received Import Request.
  Time since last request: 0.000020 seconds.
  path: Assets/Plane/Assets/Textures/Vent/Metal Mesh/CruiseFighter_Vent_AlbedoTransparency.png
  artifactKey: Guid(210cf986bea499b429cf0023973bb13d) Importer(815301076,1909f56bfc062723c751e8b465ee728b)
Start importing Assets/Plane/Assets/Textures/Vent/Metal Mesh/CruiseFighter_Vent_AlbedoTransparency.png using Guid(210cf986bea499b429cf0023973bb13d) Importer(815301076,1909f56bfc062723c751e8b465ee728b)  -> (artifact id: '2f6df40ad7b3f42134e05a6a53ac9b5e') in 0.020721 seconds 
========================================================================
Received Import Request.
  Time since last request: 0.000030 seconds.
  path: Assets/Plane/Assets/Textures/Exteria/Shiny Black/CruiseFighter_Exteria_AlbedoTransparency.png
  artifactKey: Guid(e980c42de60921f4db12c06f8205bc57) Importer(815301076,1909f56bfc062723c751e8b465ee728b)
Start importing Assets/Plane/Assets/Textures/Exteria/Shiny Black/CruiseFighter_Exteria_AlbedoTransparency.png using Guid(e980c42de60921f4db12c06f8205bc57) Importer(815301076,1909f56bfc062723c751e8b465ee728b)  -> (artifact id: '86b0606cfe93cf1041ef7fbce2756814') in 0.021748 seconds 
========================================================================
Received Import Request.
  Time since last request: 0.000020 seconds.
  path: Assets/Plane/Assets/Textures/Exhaust Outlet/Steel Painted/CruiseFighter_Exhaust Outlet_MetallicSmoothness.png
  artifactKey: Guid(04a4dc03d7d0dc04a8d7ddfa39a8268b) Importer(815301076,1909f56bfc062723c751e8b465ee728b)
Start importing Assets/Plane/Assets/Textures/Exhaust Outlet/Steel Painted/CruiseFighter_Exhaust Outlet_MetallicSmoothness.png using Guid(04a4dc03d7d0dc04a8d7ddfa39a8268b) Importer(815301076,1909f56bfc062723c751e8b465ee728b)  -> (artifact id: 'ca92182823541c80e9bee8d48e74c6e8') in 0.026901 seconds 
========================================================================
Received Import Request.
  Time since last request: 0.000020 seconds.
  path: Assets/Plane/Assets/Textures/Vent/Carbon Fiber/CruiseFighter_Vent_AO.png
  artifactKey: Guid(7f5d3a29fa621d34bb94b1a4fc4c76bc) Importer(815301076,1909f56bfc062723c751e8b465ee728b)
Start importing Assets/Plane/Assets/Textures/Vent/Carbon Fiber/CruiseFighter_Vent_AO.png using Guid(7f5d3a29fa621d34bb94b1a4fc4c76bc) Importer(815301076,1909f56bfc062723c751e8b465ee728b)  -> (artifact id: '2f1029d155bf0d964d8c408cd388c31c') in 0.012929 seconds 
========================================================================
Received Import Request.
  Time since last request: 0.000021 seconds.
  path: Assets/Plane/Assets/Textures/Exteria/Shiny Black/CruiseFighter_Exteria_Normal.png
  artifactKey: Guid(0a03445e445df2247a8b71b6775429e3) Importer(815301076,1909f56bfc062723c751e8b465ee728b)
Start importing Assets/Plane/Assets/Textures/Exteria/Shiny Black/CruiseFighter_Exteria_Normal.png using Guid(0a03445e445df2247a8b71b6775429e3) Importer(815301076,1909f56bfc062723c751e8b465ee728b)  -> (artifact id: '78d69a55bd6a871b0b5eb4f2ffb4c12b') in 0.035963 seconds 
========================================================================
Received Import Request.
  Time since last request: 0.000018 seconds.
  path: Assets/Plane/Assets/Textures/Checkpoint/Rusty Red/CruiseFighter-v2_Check Point_MetallicSmoothness.png
  artifactKey: Guid(9a5455adcdec367449e5a8444adee461) Importer(815301076,1909f56bfc062723c751e8b465ee728b)
Start importing Assets/Plane/Assets/Textures/Checkpoint/Rusty Red/CruiseFighter-v2_Check Point_MetallicSmoothness.png using Guid(9a5455adcdec367449e5a8444adee461) Importer(815301076,1909f56bfc062723c751e8b465ee728b)  -> (artifact id: '9aeaf0a23cb378bc2fdbdae2200aae25') in 0.027963 seconds 
========================================================================
Received Import Request.
  Time since last request: 0.000017 seconds.
  path: Assets/Plane/Assets/Textures/Exhaust Outlet/Shiny Black/CruiseFighter_Exhaust Outlet_AO.png
  artifactKey: Guid(4340dd4e5069b844bb0e0ec15bc61fc8) Importer(815301076,1909f56bfc062723c751e8b465ee728b)
Start importing Assets/Plane/Assets/Textures/Exhaust Outlet/Shiny Black/CruiseFighter_Exhaust Outlet_AO.png using Guid(4340dd4e5069b844bb0e0ec15bc61fc8) Importer(815301076,1909f56bfc062723c751e8b465ee728b)  -> (artifact id: '401a572957e8bea23d4d7f2e551dd8ce') in 0.015470 seconds 
========================================================================
Received Import Request.
  Time since last request: 0.000021 seconds.
  path: Assets/Plane/Assets/Textures/Window/Black/CruiseFighter_Window_Normal.png
  artifactKey: Guid(0fb921764da8b9345b1683e0e1f7f973) Importer(815301076,1909f56bfc062723c751e8b465ee728b)
Start importing Assets/Plane/Assets/Textures/Window/Black/CruiseFighter_Window_Normal.png using Guid(0fb921764da8b9345b1683e0e1f7f973) Importer(815301076,1909f56bfc062723c751e8b465ee728b)  -> (artifact id: '98507f2dfb808175275fd0815c6f4446') in 0.034788 seconds 
========================================================================
Received Import Request.
  Time since last request: 0.000021 seconds.
  path: Assets/CityVoxelPack/Assets/roads/Textures/roads.png
  artifactKey: Guid(48bdd92bcb84f6442a9fe6d7e347f21f) Importer(815301076,1909f56bfc062723c751e8b465ee728b)
Start importing Assets/CityVoxelPack/Assets/roads/Textures/roads.png using Guid(48bdd92bcb84f6442a9fe6d7e347f21f) Importer(815301076,1909f56bfc062723c751e8b465ee728b)  -> (artifact id: '764f492ab5851f2270011564ca2cf29f') in 0.016522 seconds 
========================================================================
Received Import Request.
  Time since last request: 0.000030 seconds.
  path: Assets/CityVoxelPack/Assets/pavements/Textures/pavement1.png
  artifactKey: Guid(10b11cb5b128bdc46a10576f851cb474) Importer(815301076,1909f56bfc062723c751e8b465ee728b)
Start importing Assets/CityVoxelPack/Assets/pavements/Textures/pavement1.png using Guid(10b11cb5b128bdc46a10576f851cb474) Importer(815301076,1909f56bfc062723c751e8b465ee728b)  -> (artifact id: '2ebbb6bdad855aa3eba7c94df7cabaeb') in 0.014178 seconds 
========================================================================
Received Import Request.
  Time since last request: 0.000022 seconds.
  path: Assets/Plane/Assets/Textures/Window/Dark Blue/CruiseFighter_Window_AlbedoTransparency.png
  artifactKey: Guid(03229eecc28f747408cdbce8acc33015) Importer(815301076,1909f56bfc062723c751e8b465ee728b)
Start importing Assets/Plane/Assets/Textures/Window/Dark Blue/CruiseFighter_Window_AlbedoTransparency.png using Guid(03229eecc28f747408cdbce8acc33015) Importer(815301076,1909f56bfc062723c751e8b465ee728b)  -> (artifact id: 'ce0bdb2ccbedbcac1a50e182545a9ed9') in 0.028948 seconds 
========================================================================
Received Import Request.
  Time since last request: 0.000019 seconds.
  path: Assets/Plane/Assets/Textures/Body Trim/Gold/CruiseFighter_Glowing_AO.png
  artifactKey: Guid(3c07eefad48fb1146b35783cacb3374e) Importer(815301076,1909f56bfc062723c751e8b465ee728b)
Start importing Assets/Plane/Assets/Textures/Body Trim/Gold/CruiseFighter_Glowing_AO.png using Guid(3c07eefad48fb1146b35783cacb3374e) Importer(815301076,1909f56bfc062723c751e8b465ee728b)  -> (artifact id: '130158a253b9d08927461263b0f310da') in 0.014987 seconds 
========================================================================
Received Import Request.
  Time since last request: 0.000023 seconds.
  path: Assets/Plane/Assets/Textures/Vent/Red Matte/CruiseFighter_Vent_MetallicSmoothness.png
  artifactKey: Guid(146cf4f1f47f2c74f866731473aa8b77) Importer(815301076,1909f56bfc062723c751e8b465ee728b)
Start importing Assets/Plane/Assets/Textures/Vent/Red Matte/CruiseFighter_Vent_MetallicSmoothness.png using Guid(146cf4f1f47f2c74f866731473aa8b77) Importer(815301076,1909f56bfc062723c751e8b465ee728b)  -> (artifact id: 'e41bf4ec26c0cf228d9c170e8d0679cc') in 0.045625 seconds 
========================================================================
Received Import Request.
  Time since last request: 0.000020 seconds.
  path: Assets/Plane/Assets/Textures/Exteria/Silver/CruiseFighter_Exteria_MetallicSmoothness.png
  artifactKey: Guid(2fb5fceb26d128e4b80e798c49224de2) Importer(815301076,1909f56bfc062723c751e8b465ee728b)
Start importing Assets/Plane/Assets/Textures/Exteria/Silver/CruiseFighter_Exteria_MetallicSmoothness.png using Guid(2fb5fceb26d128e4b80e798c49224de2) Importer(815301076,1909f56bfc062723c751e8b465ee728b)  -> (artifact id: 'f145996c842cae1a7de38855e5d66528') in 0.027591 seconds 
========================================================================
Received Import Request.
  Time since last request: 0.000019 seconds.
  path: Assets/Plane/Assets/Textures/Exteria/Shiny Red/CruiseFighter_Exteria_AlbedoTransparency.png
  artifactKey: Guid(479e9c820a9e36f4ca76d4afcbba508f) Importer(815301076,1909f56bfc062723c751e8b465ee728b)
Start importing Assets/Plane/Assets/Textures/Exteria/Shiny Red/CruiseFighter_Exteria_AlbedoTransparency.png using Guid(479e9c820a9e36f4ca76d4afcbba508f) Importer(815301076,1909f56bfc062723c751e8b465ee728b)  -> (artifact id: '13cfb394e5606876d7e56115083eb305') in 0.024767 seconds 
========================================================================
Received Import Request.
  Time since last request: 0.000018 seconds.
  path: Assets/CityVoxelPack/Assets/buildings/props/windows/Textures/windows.png
  artifactKey: Guid(021eb22db28e28440944bec4d568b1b8) Importer(815301076,1909f56bfc062723c751e8b465ee728b)
Start importing Assets/CityVoxelPack/Assets/buildings/props/windows/Textures/windows.png using Guid(021eb22db28e28440944bec4d568b1b8) Importer(815301076,1909f56bfc062723c751e8b465ee728b)  -> (artifact id: '334a13c96dc15f3210142491d00615da') in 0.011304 seconds 
========================================================================
Received Import Request.
  Time since last request: 0.000016 seconds.
  path: Assets/Plane/Assets/Textures/Exhaust Outlet/Steel Gun Metal/CruiseFighter_Exhaust Outlet_AlbedoTransparency.png
  artifactKey: Guid(9a0ab1dce5498a348be7e8c7e89874e5) Importer(815301076,1909f56bfc062723c751e8b465ee728b)
Start importing Assets/Plane/Assets/Textures/Exhaust Outlet/Steel Gun Metal/CruiseFighter_Exhaust Outlet_AlbedoTransparency.png using Guid(9a0ab1dce5498a348be7e8c7e89874e5) Importer(815301076,1909f56bfc062723c751e8b465ee728b)  -> (artifact id: 'fc118e919fa2bcff4885f1570286c335') in 0.022419 seconds 
========================================================================
Received Import Request.
  Time since last request: 0.000025 seconds.
  path: Assets/Plane/Assets/Textures/Body Trim/Iron Pure/CruiseFighter_Glowing_AO.png
  artifactKey: Guid(a59f201b77bfc15489024bafa3b1acb8) Importer(815301076,1909f56bfc062723c751e8b465ee728b)
Start importing Assets/Plane/Assets/Textures/Body Trim/Iron Pure/CruiseFighter_Glowing_AO.png using Guid(a59f201b77bfc15489024bafa3b1acb8) Importer(815301076,1909f56bfc062723c751e8b465ee728b)  -> (artifact id: 'b872791eca687f8bfd508774ce59f1fc') in 0.014538 seconds 
========================================================================
Received Import Request.
  Time since last request: 0.000023 seconds.
  path: Assets/Plane/Assets/Textures/Exteria/Copper/CruiseFighter_Exteria_AlbedoTransparency.png
  artifactKey: Guid(0b34c1a7e9134884d855bda62659ec0d) Importer(815301076,1909f56bfc062723c751e8b465ee728b)
Start importing Assets/Plane/Assets/Textures/Exteria/Copper/CruiseFighter_Exteria_AlbedoTransparency.png using Guid(0b34c1a7e9134884d855bda62659ec0d) Importer(815301076,1909f56bfc062723c751e8b465ee728b)  -> (artifact id: '01f8220355cdd8211dcb36287d4bb5f6') in 0.022825 seconds 
========================================================================
Received Import Request.
  Time since last request: 0.000018 seconds.
  path: Assets/Plane/Assets/Textures/Exteria/Shiny Red/CruiseFighter_Exteria_Normal.png
  artifactKey: Guid(030d35bbc8b05104894242943fe0be7c) Importer(815301076,1909f56bfc062723c751e8b465ee728b)
Start importing Assets/Plane/Assets/Textures/Exteria/Shiny Red/CruiseFighter_Exteria_Normal.png using Guid(030d35bbc8b05104894242943fe0be7c) Importer(815301076,1909f56bfc062723c751e8b465ee728b)  -> (artifact id: '6c2e1625e53b681ac8da4a86d1fe429e') in 0.013711 seconds 
========================================================================
Received Import Request.
  Time since last request: 0.000014 seconds.
  path: Assets/Plane/Assets/Textures/Checkpoint/Rough Blue Metal/CruiseFighter-v2_Check Point_AO.png
  artifactKey: Guid(0b0d3b4e37a28cb47b434e7197da8dc1) Importer(815301076,1909f56bfc062723c751e8b465ee728b)
Start importing Assets/Plane/Assets/Textures/Checkpoint/Rough Blue Metal/CruiseFighter-v2_Check Point_AO.png using Guid(0b0d3b4e37a28cb47b434e7197da8dc1) Importer(815301076,1909f56bfc062723c751e8b465ee728b)  -> (artifact id: '961b5ac76e483695c05bcdf5885036e2') in 0.010760 seconds 
========================================================================
Received Import Request.
  Time since last request: 0.000040 seconds.
  path: Assets/Plane/Assets/Textures/Vent/Red Matte/CruiseFighter_Vent_Normal.png
  artifactKey: Guid(a1f185c90b5110d4493119be7cb653af) Importer(815301076,1909f56bfc062723c751e8b465ee728b)
Start importing Assets/Plane/Assets/Textures/Vent/Red Matte/CruiseFighter_Vent_Normal.png using Guid(a1f185c90b5110d4493119be7cb653af) Importer(815301076,1909f56bfc062723c751e8b465ee728b)  -> (artifact id: '56a144ca873df4e9df31617297398293') in 0.026667 seconds 
========================================================================
Received Import Request.
  Time since last request: 0.000019 seconds.
  path: Assets/Plane/Assets/Textures/Exteria/Iron Shield/CruiseFighter_Exteria_MetallicSmoothness.png
  artifactKey: Guid(14c8cd859b4177c4d848a64889a3c007) Importer(815301076,1909f56bfc062723c751e8b465ee728b)
Start importing Assets/Plane/Assets/Textures/Exteria/Iron Shield/CruiseFighter_Exteria_MetallicSmoothness.png using Guid(14c8cd859b4177c4d848a64889a3c007) Importer(815301076,1909f56bfc062723c751e8b465ee728b)  -> (artifact id: 'cc063318652470c774b275a3b3837453') in 0.031849 seconds 
========================================================================
Received Import Request.
  Time since last request: 0.000016 seconds.
  path: Assets/Plane/Assets/Textures/Body Trim/Gold/CruiseFighter_Glowing_AlbedoTransparency.png
  artifactKey: Guid(c6fc5ea8faa08f04b90c919f9382f8f3) Importer(815301076,1909f56bfc062723c751e8b465ee728b)
Start importing Assets/Plane/Assets/Textures/Body Trim/Gold/CruiseFighter_Glowing_AlbedoTransparency.png using Guid(c6fc5ea8faa08f04b90c919f9382f8f3) Importer(815301076,1909f56bfc062723c751e8b465ee728b)  -> (artifact id: 'c8879990b8ef7fc14755af99cafd567d') in 0.021441 seconds 
========================================================================
Received Import Request.
  Time since last request: 10.540129 seconds.
  path: Assets/TerrainData_5bdb3b31-cce6-49bb-a856-2170ff87973e.asset
  artifactKey: Guid(5b7a61f603433464ab7f20cbfb301327) Importer(815301076,1909f56bfc062723c751e8b465ee728b)
Start importing Assets/TerrainData_5bdb3b31-cce6-49bb-a856-2170ff87973e.asset using Guid(5b7a61f603433464ab7f20cbfb301327) Importer(815301076,1909f56bfc062723c751e8b465ee728b)  -> (artifact id: '739a77de8181e0a2ed0042f6673191c3') in 0.012037 seconds 
========================================================================
Received Prepare
Registering precompiled user dll's ...
Registered in 0.005488 seconds.
Begin MonoManager ReloadAssembly
Native extension for WindowsStandalone target not found
Refreshing native plugins compatible for Editor in 0.54 ms, found 2 plugins.
Preloading 0 native plugins for Editor in 0.00 ms.
Mono: successfully reloaded assembly
- Completed reload, in  1.028 seconds
Domain Reload Profiling:
	ReloadAssembly (1029ms)
		BeginReloadAssembly (187ms)
			ExecutionOrderSort (0ms)
			DisableScriptedObjects (5ms)
			BackupInstance (0ms)
			ReleaseScriptingObjects (0ms)
			CreateAndSetChildDomain (32ms)
		EndReloadAssembly (731ms)
			LoadAssemblies (141ms)
			RebuildTransferFunctionScriptingTraits (0ms)
			SetupTypeCache (198ms)
			ReleaseScriptCaches (1ms)
			RebuildScriptCaches (42ms)
			SetupLoadedEditorAssemblies (351ms)
				LogAssemblyErrors (0ms)
				InitializePlatformSupportModulesInManaged (14ms)
				SetLoadedEditorAssemblies (0ms)
				RefreshPlugins (1ms)
				BeforeProcessingInitializeOnLoad (71ms)
				ProcessInitializeOnLoadAttributes (214ms)
				ProcessInitializeOnLoadMethodAttributes (27ms)
				AfterProcessingInitializeOnLoad (23ms)
				EditorAssembliesLoaded (0ms)
			ExecutionOrderSort2 (0ms)
			AwakeInstancesAfterBackupRestoration (14ms)
Platform modules already initialized, skipping
Refreshing native plugins compatible for Editor in 1.66 ms, found 2 plugins.
Preloading 0 native plugins for Editor in 0.00 ms.
Unloading 1801 Unused Serialized files (Serialized files now loaded: 0)
Unloading 13 unused Assets / (24.7 KB). Loaded Objects now: 2362.
Memory consumption went from 167.1 MB to 167.1 MB.
Total: 3.523700 ms (FindLiveObjects: 0.181000 ms CreateObjectMapping: 0.044800 ms MarkObjects: 3.276700 ms  DeleteObjects: 0.019600 ms)

AssetImportParameters requested are different than current active one (requested -> active):
  custom:video-decoder-ogg-theora: a1e56fd34408186e4bbccfd4996cb3dc -> 
  custom:container-muxer-webm: aa71ff27fc2769a1b78a27578f13a17b -> 
  custom:container-demuxer-webm: 4f35f7cbe854078d1ac9338744f61a02 -> 
  custom:video-encoder-webm-vp8: eb34c28f22e8b96e1ab97ce403110664 -> 
  custom:video-codec-MediaFoundation-h265: e54d7ab0439102e2317fc1e4b246158d -> 
  custom:audio-encoder-webm-vorbis: bf7c407c2cedff20999df2af8eb42d56 -> 
  custom:framework-win-MediaFoundation: 216162199b28c13a410421893ffa2e32 -> 
  custom:container-demuxer-ogg: 62fdf1f143b41e24485cea50d1cbac27 -> 
  custom:video-decoder-webm-vp8: 9c59270c3fd7afecdb556c50c9e8de78 -> 
  custom:audio-decoder-ogg-vorbis: bf7c407c2cedff20999df2af8eb42d56 -> 
========================================================================
Received Import Request.
  Time since last request: 440.013034 seconds.
  path: Assets/Resources/Player/PlayerCharacter.prefab
  artifactKey: Guid(f78fbeb853c92d84494c91b9db4d4491) Importer(815301076,1909f56bfc062723c751e8b465ee728b)
Start importing Assets/Resources/Player/PlayerCharacter.prefab using Guid(f78fbeb853c92d84494c91b9db4d4491) Importer(815301076,1909f56bfc062723c751e8b465ee728b)  -> (artifact id: '7db1ccbeec755a30bfb0b11f2ef036d4') in 7.910828 seconds 
========================================================================
Received Prepare
Registering precompiled user dll's ...
Registered in 0.006639 seconds.
Begin MonoManager ReloadAssembly
Native extension for WindowsStandalone target not found
Refreshing native plugins compatible for Editor in 0.51 ms, found 2 plugins.
Preloading 0 native plugins for Editor in 0.00 ms.
Mono: successfully reloaded assembly
- Completed reload, in  1.105 seconds
Domain Reload Profiling:
	ReloadAssembly (1105ms)
		BeginReloadAssembly (197ms)
			ExecutionOrderSort (0ms)
			DisableScriptedObjects (5ms)
			BackupInstance (0ms)
			ReleaseScriptingObjects (0ms)
			CreateAndSetChildDomain (36ms)
		EndReloadAssembly (776ms)
			LoadAssemblies (151ms)
			RebuildTransferFunctionScriptingTraits (0ms)
			SetupTypeCache (235ms)
			ReleaseScriptCaches (1ms)
			RebuildScriptCaches (54ms)
			SetupLoadedEditorAssemblies (332ms)
				LogAssemblyErrors (0ms)
				InitializePlatformSupportModulesInManaged (14ms)
				SetLoadedEditorAssemblies (0ms)
				RefreshPlugins (1ms)
				BeforeProcessingInitializeOnLoad (68ms)
				ProcessInitializeOnLoadAttributes (194ms)
				ProcessInitializeOnLoadMethodAttributes (31ms)
				AfterProcessingInitializeOnLoad (23ms)
				EditorAssembliesLoaded (0ms)
			ExecutionOrderSort2 (0ms)
			AwakeInstancesAfterBackupRestoration (14ms)
Platform modules already initialized, skipping
Refreshing native plugins compatible for Editor in 2.04 ms, found 2 plugins.
Preloading 0 native plugins for Editor in 0.00 ms.
Unloading 1801 Unused Serialized files (Serialized files now loaded: 0)
Unloading 15 unused Assets / (25.7 KB). Loaded Objects now: 2365.
Memory consumption went from 167.2 MB to 167.2 MB.
Total: 2.638100 ms (FindLiveObjects: 0.170100 ms CreateObjectMapping: 0.044500 ms MarkObjects: 2.383800 ms  DeleteObjects: 0.038700 ms)

AssetImportParameters requested are different than current active one (requested -> active):
  custom:video-decoder-ogg-theora: a1e56fd34408186e4bbccfd4996cb3dc -> 
  custom:container-muxer-webm: aa71ff27fc2769a1b78a27578f13a17b -> 
  custom:container-demuxer-webm: 4f35f7cbe854078d1ac9338744f61a02 -> 
  custom:video-encoder-webm-vp8: eb34c28f22e8b96e1ab97ce403110664 -> 
  custom:video-codec-MediaFoundation-h265: e54d7ab0439102e2317fc1e4b246158d -> 
  custom:audio-encoder-webm-vorbis: bf7c407c2cedff20999df2af8eb42d56 -> 
  custom:framework-win-MediaFoundation: 216162199b28c13a410421893ffa2e32 -> 
  custom:container-demuxer-ogg: 62fdf1f143b41e24485cea50d1cbac27 -> 
  custom:video-decoder-webm-vp8: 9c59270c3fd7afecdb556c50c9e8de78 -> 
  custom:audio-decoder-ogg-vorbis: bf7c407c2cedff20999df2af8eb42d56 -> 
========================================================================
Received Prepare
Registering precompiled user dll's ...
Registered in 0.005553 seconds.
Begin MonoManager ReloadAssembly
Native extension for WindowsStandalone target not found
Refreshing native plugins compatible for Editor in 0.53 ms, found 2 plugins.
Preloading 0 native plugins for Editor in 0.00 ms.
Mono: successfully reloaded assembly
- Completed reload, in  1.007 seconds
Domain Reload Profiling:
	ReloadAssembly (1008ms)
		BeginReloadAssembly (184ms)
			ExecutionOrderSort (0ms)
			DisableScriptedObjects (7ms)
			BackupInstance (0ms)
			ReleaseScriptingObjects (0ms)
			CreateAndSetChildDomain (29ms)
		EndReloadAssembly (703ms)
			LoadAssemblies (138ms)
			RebuildTransferFunctionScriptingTraits (0ms)
			SetupTypeCache (210ms)
			ReleaseScriptCaches (1ms)
			RebuildScriptCaches (39ms)
			SetupLoadedEditorAssemblies (324ms)
				LogAssemblyErrors (0ms)
				InitializePlatformSupportModulesInManaged (14ms)
				SetLoadedEditorAssemblies (0ms)
				RefreshPlugins (1ms)
				BeforeProcessingInitializeOnLoad (69ms)
				ProcessInitializeOnLoadAttributes (191ms)
				ProcessInitializeOnLoadMethodAttributes (26ms)
				AfterProcessingInitializeOnLoad (22ms)
				EditorAssembliesLoaded (0ms)
			ExecutionOrderSort2 (0ms)
			AwakeInstancesAfterBackupRestoration (13ms)
Platform modules already initialized, skipping
Refreshing native plugins compatible for Editor in 1.79 ms, found 2 plugins.
Preloading 0 native plugins for Editor in 0.00 ms.
Unloading 1801 Unused Serialized files (Serialized files now loaded: 0)
Unloading 13 unused Assets / (24.6 KB). Loaded Objects now: 2368.
Memory consumption went from 167.2 MB to 167.2 MB.
Total: 2.831100 ms (FindLiveObjects: 0.193400 ms CreateObjectMapping: 0.043700 ms MarkObjects: 2.574700 ms  DeleteObjects: 0.017300 ms)

AssetImportParameters requested are different than current active one (requested -> active):
  custom:video-decoder-ogg-theora: a1e56fd34408186e4bbccfd4996cb3dc -> 
  custom:container-muxer-webm: aa71ff27fc2769a1b78a27578f13a17b -> 
  custom:container-demuxer-webm: 4f35f7cbe854078d1ac9338744f61a02 -> 
  custom:video-encoder-webm-vp8: eb34c28f22e8b96e1ab97ce403110664 -> 
  custom:video-codec-MediaFoundation-h265: e54d7ab0439102e2317fc1e4b246158d -> 
  custom:audio-encoder-webm-vorbis: bf7c407c2cedff20999df2af8eb42d56 -> 
  custom:framework-win-MediaFoundation: 216162199b28c13a410421893ffa2e32 -> 
  custom:container-demuxer-ogg: 62fdf1f143b41e24485cea50d1cbac27 -> 
  custom:video-decoder-webm-vp8: 9c59270c3fd7afecdb556c50c9e8de78 -> 
  custom:audio-decoder-ogg-vorbis: bf7c407c2cedff20999df2af8eb42d56 -> 
========================================================================
Received Import Request.
  Time since last request: 60.865268 seconds.
  path: Assets/Resources/Player/PlayerCharacter.prefab
  artifactKey: Guid(f78fbeb853c92d84494c91b9db4d4491) Importer(815301076,1909f56bfc062723c751e8b465ee728b)
Start importing Assets/Resources/Player/PlayerCharacter.prefab using Guid(f78fbeb853c92d84494c91b9db4d4491) Importer(815301076,1909f56bfc062723c751e8b465ee728b)  -> (artifact id: 'd0557ce9bc244ca7e2fc6dbc5c25d43a') in 0.143049 seconds 
========================================================================
Received Import Request.
  Time since last request: 68.860534 seconds.
  path: Assets/Resources/Player/PlayerCharacter.prefab
  artifactKey: Guid(f78fbeb853c92d84494c91b9db4d4491) Importer(815301076,1909f56bfc062723c751e8b465ee728b)
Start importing Assets/Resources/Player/PlayerCharacter.prefab using Guid(f78fbeb853c92d84494c91b9db4d4491) Importer(815301076,1909f56bfc062723c751e8b465ee728b)  -> (artifact id: '005400c7d37a95abeb1d4214eec3a8b4') in 0.085484 seconds 
========================================================================
Received Prepare
Registering precompiled user dll's ...
Registered in 0.006562 seconds.
Begin MonoManager ReloadAssembly
Native extension for WindowsStandalone target not found
Refreshing native plugins compatible for Editor in 0.52 ms, found 2 plugins.
Preloading 0 native plugins for Editor in 0.00 ms.
Mono: successfully reloaded assembly
- Completed reload, in  1.019 seconds
Domain Reload Profiling:
	ReloadAssembly (1020ms)
		BeginReloadAssembly (169ms)
			ExecutionOrderSort (0ms)
			DisableScriptedObjects (4ms)
			BackupInstance (0ms)
			ReleaseScriptingObjects (0ms)
			CreateAndSetChildDomain (30ms)
		EndReloadAssembly (742ms)
			LoadAssemblies (126ms)
			RebuildTransferFunctionScriptingTraits (0ms)
			SetupTypeCache (215ms)
			ReleaseScriptCaches (1ms)
			RebuildScriptCaches (44ms)
			SetupLoadedEditorAssemblies (345ms)
				LogAssemblyErrors (0ms)
				InitializePlatformSupportModulesInManaged (14ms)
				SetLoadedEditorAssemblies (1ms)
				RefreshPlugins (1ms)
				BeforeProcessingInitializeOnLoad (72ms)
				ProcessInitializeOnLoadAttributes (206ms)
				ProcessInitializeOnLoadMethodAttributes (28ms)
				AfterProcessingInitializeOnLoad (24ms)
				EditorAssembliesLoaded (0ms)
			ExecutionOrderSort2 (0ms)
			AwakeInstancesAfterBackupRestoration (14ms)
Platform modules already initialized, skipping
Refreshing native plugins compatible for Editor in 1.56 ms, found 2 plugins.
Preloading 0 native plugins for Editor in 0.00 ms.
Unloading 1801 Unused Serialized files (Serialized files now loaded: 0)
Unloading 15 unused Assets / (25.6 KB). Loaded Objects now: 2371.
Memory consumption went from 167.2 MB to 167.2 MB.
Total: 2.766600 ms (FindLiveObjects: 0.238700 ms CreateObjectMapping: 0.065300 ms MarkObjects: 2.425700 ms  DeleteObjects: 0.035200 ms)

AssetImportParameters requested are different than current active one (requested -> active):
  custom:video-decoder-ogg-theora: a1e56fd34408186e4bbccfd4996cb3dc -> 
  custom:container-muxer-webm: aa71ff27fc2769a1b78a27578f13a17b -> 
  custom:container-demuxer-webm: 4f35f7cbe854078d1ac9338744f61a02 -> 
  custom:video-encoder-webm-vp8: eb34c28f22e8b96e1ab97ce403110664 -> 
  custom:video-codec-MediaFoundation-h265: e54d7ab0439102e2317fc1e4b246158d -> 
  custom:audio-encoder-webm-vorbis: bf7c407c2cedff20999df2af8eb42d56 -> 
  custom:framework-win-MediaFoundation: 216162199b28c13a410421893ffa2e32 -> 
  custom:container-demuxer-ogg: 62fdf1f143b41e24485cea50d1cbac27 -> 
  custom:video-decoder-webm-vp8: 9c59270c3fd7afecdb556c50c9e8de78 -> 
  custom:audio-decoder-ogg-vorbis: bf7c407c2cedff20999df2af8eb42d56 -> 
========================================================================
Received Prepare
Registering precompiled user dll's ...
Registered in 0.012389 seconds.
Begin MonoManager ReloadAssembly
Native extension for WindowsStandalone target not found
Refreshing native plugins compatible for Editor in 0.55 ms, found 2 plugins.
Preloading 0 native plugins for Editor in 0.00 ms.
Mono: successfully reloaded assembly
- Completed reload, in  1.011 seconds
Domain Reload Profiling:
	ReloadAssembly (1012ms)
		BeginReloadAssembly (181ms)
			ExecutionOrderSort (0ms)
			DisableScriptedObjects (5ms)
			BackupInstance (0ms)
			ReleaseScriptingObjects (0ms)
			CreateAndSetChildDomain (31ms)
		EndReloadAssembly (714ms)
			LoadAssemblies (133ms)
			RebuildTransferFunctionScriptingTraits (0ms)
			SetupTypeCache (212ms)
			ReleaseScriptCaches (1ms)
			RebuildScriptCaches (41ms)
			SetupLoadedEditorAssemblies (326ms)
				LogAssemblyErrors (0ms)
				InitializePlatformSupportModulesInManaged (14ms)
				SetLoadedEditorAssemblies (0ms)
				RefreshPlugins (1ms)
				BeforeProcessingInitializeOnLoad (67ms)
				ProcessInitializeOnLoadAttributes (198ms)
				ProcessInitializeOnLoadMethodAttributes (25ms)
				AfterProcessingInitializeOnLoad (21ms)
				EditorAssembliesLoaded (0ms)
			ExecutionOrderSort2 (0ms)
			AwakeInstancesAfterBackupRestoration (13ms)
Platform modules already initialized, skipping
Refreshing native plugins compatible for Editor in 1.47 ms, found 2 plugins.
Preloading 0 native plugins for Editor in 0.00 ms.
Unloading 1801 Unused Serialized files (Serialized files now loaded: 0)
Unloading 13 unused Assets / (24.6 KB). Loaded Objects now: 2374.
Memory consumption went from 167.3 MB to 167.2 MB.
Total: 2.594000 ms (FindLiveObjects: 0.197900 ms CreateObjectMapping: 0.043700 ms MarkObjects: 2.337400 ms  DeleteObjects: 0.013900 ms)

AssetImportParameters requested are different than current active one (requested -> active):
  custom:video-decoder-ogg-theora: a1e56fd34408186e4bbccfd4996cb3dc -> 
  custom:container-muxer-webm: aa71ff27fc2769a1b78a27578f13a17b -> 
  custom:container-demuxer-webm: 4f35f7cbe854078d1ac9338744f61a02 -> 
  custom:video-encoder-webm-vp8: eb34c28f22e8b96e1ab97ce403110664 -> 
  custom:video-codec-MediaFoundation-h265: e54d7ab0439102e2317fc1e4b246158d -> 
  custom:audio-encoder-webm-vorbis: bf7c407c2cedff20999df2af8eb42d56 -> 
  custom:framework-win-MediaFoundation: 216162199b28c13a410421893ffa2e32 -> 
  custom:container-demuxer-ogg: 62fdf1f143b41e24485cea50d1cbac27 -> 
  custom:video-decoder-webm-vp8: 9c59270c3fd7afecdb556c50c9e8de78 -> 
  custom:audio-decoder-ogg-vorbis: bf7c407c2cedff20999df2af8eb42d56 -> 
========================================================================
Received Prepare
Registering precompiled user dll's ...
Registered in 0.007867 seconds.
Begin MonoManager ReloadAssembly
Native extension for WindowsStandalone target not found
Refreshing native plugins compatible for Editor in 0.52 ms, found 2 plugins.
Preloading 0 native plugins for Editor in 0.00 ms.
Mono: successfully reloaded assembly
- Completed reload, in  1.065 seconds
Domain Reload Profiling:
	ReloadAssembly (1065ms)
		BeginReloadAssembly (170ms)
			ExecutionOrderSort (0ms)
			DisableScriptedObjects (5ms)
			BackupInstance (0ms)
			ReleaseScriptingObjects (0ms)
			CreateAndSetChildDomain (29ms)
		EndReloadAssembly (782ms)
			LoadAssemblies (129ms)
			RebuildTransferFunctionScriptingTraits (0ms)
			SetupTypeCache (209ms)
			ReleaseScriptCaches (1ms)
			RebuildScriptCaches (39ms)
			SetupLoadedEditorAssemblies (386ms)
				LogAssemblyErrors (0ms)
				InitializePlatformSupportModulesInManaged (14ms)
				SetLoadedEditorAssemblies (0ms)
				RefreshPlugins (1ms)
				BeforeProcessingInitializeOnLoad (72ms)
				ProcessInitializeOnLoadAttributes (249ms)
				ProcessInitializeOnLoadMethodAttributes (26ms)
				AfterProcessingInitializeOnLoad (23ms)
				EditorAssembliesLoaded (0ms)
			ExecutionOrderSort2 (0ms)
			AwakeInstancesAfterBackupRestoration (18ms)
Platform modules already initialized, skipping
Refreshing native plugins compatible for Editor in 1.72 ms, found 2 plugins.
Preloading 0 native plugins for Editor in 0.00 ms.
Unloading 1801 Unused Serialized files (Serialized files now loaded: 0)
Unloading 13 unused Assets / (24.6 KB). Loaded Objects now: 2377.
Memory consumption went from 167.3 MB to 167.2 MB.
Total: 2.661100 ms (FindLiveObjects: 0.193600 ms CreateObjectMapping: 0.043600 ms MarkObjects: 2.407100 ms  DeleteObjects: 0.015700 ms)

AssetImportParameters requested are different than current active one (requested -> active):
  custom:video-decoder-ogg-theora: a1e56fd34408186e4bbccfd4996cb3dc -> 
  custom:container-muxer-webm: aa71ff27fc2769a1b78a27578f13a17b -> 
  custom:container-demuxer-webm: 4f35f7cbe854078d1ac9338744f61a02 -> 
  custom:video-encoder-webm-vp8: eb34c28f22e8b96e1ab97ce403110664 -> 
  custom:video-codec-MediaFoundation-h265: e54d7ab0439102e2317fc1e4b246158d -> 
  custom:audio-encoder-webm-vorbis: bf7c407c2cedff20999df2af8eb42d56 -> 
  custom:framework-win-MediaFoundation: 216162199b28c13a410421893ffa2e32 -> 
  custom:container-demuxer-ogg: 62fdf1f143b41e24485cea50d1cbac27 -> 
  custom:video-decoder-webm-vp8: 9c59270c3fd7afecdb556c50c9e8de78 -> 
  custom:audio-decoder-ogg-vorbis: bf7c407c2cedff20999df2af8eb42d56 -> 
========================================================================
Received Prepare
Registering precompiled user dll's ...
Registered in 0.005417 seconds.
Begin MonoManager ReloadAssembly
Native extension for WindowsStandalone target not found
Refreshing native plugins compatible for Editor in 0.55 ms, found 2 plugins.
Preloading 0 native plugins for Editor in 0.00 ms.
Mono: successfully reloaded assembly
- Completed reload, in  1.041 seconds
Domain Reload Profiling:
	ReloadAssembly (1042ms)
		BeginReloadAssembly (178ms)
			ExecutionOrderSort (0ms)
			DisableScriptedObjects (5ms)
			BackupInstance (0ms)
			ReleaseScriptingObjects (0ms)
			CreateAndSetChildDomain (30ms)
		EndReloadAssembly (751ms)
			LoadAssemblies (133ms)
			RebuildTransferFunctionScriptingTraits (0ms)
			SetupTypeCache (217ms)
			ReleaseScriptCaches (1ms)
			RebuildScriptCaches (40ms)
			SetupLoadedEditorAssemblies (351ms)
				LogAssemblyErrors (0ms)
				InitializePlatformSupportModulesInManaged (14ms)
				SetLoadedEditorAssemblies (0ms)
				RefreshPlugins (1ms)
				BeforeProcessingInitializeOnLoad (77ms)
				ProcessInitializeOnLoadAttributes (207ms)
				ProcessInitializeOnLoadMethodAttributes (28ms)
				AfterProcessingInitializeOnLoad (24ms)
				EditorAssembliesLoaded (0ms)
			ExecutionOrderSort2 (0ms)
			AwakeInstancesAfterBackupRestoration (15ms)
Platform modules already initialized, skipping
Refreshing native plugins compatible for Editor in 1.57 ms, found 2 plugins.
Preloading 0 native plugins for Editor in 0.00 ms.
Unloading 1801 Unused Serialized files (Serialized files now loaded: 0)
Unloading 13 unused Assets / (24.7 KB). Loaded Objects now: 2380.
Memory consumption went from 167.3 MB to 167.2 MB.
Total: 3.027600 ms (FindLiveObjects: 0.202800 ms CreateObjectMapping: 0.045100 ms MarkObjects: 2.761800 ms  DeleteObjects: 0.016700 ms)

AssetImportParameters requested are different than current active one (requested -> active):
  custom:video-decoder-ogg-theora: a1e56fd34408186e4bbccfd4996cb3dc -> 
  custom:container-muxer-webm: aa71ff27fc2769a1b78a27578f13a17b -> 
  custom:container-demuxer-webm: 4f35f7cbe854078d1ac9338744f61a02 -> 
  custom:video-encoder-webm-vp8: eb34c28f22e8b96e1ab97ce403110664 -> 
  custom:video-codec-MediaFoundation-h265: e54d7ab0439102e2317fc1e4b246158d -> 
  custom:audio-encoder-webm-vorbis: bf7c407c2cedff20999df2af8eb42d56 -> 
  custom:framework-win-MediaFoundation: 216162199b28c13a410421893ffa2e32 -> 
  custom:container-demuxer-ogg: 62fdf1f143b41e24485cea50d1cbac27 -> 
  custom:video-decoder-webm-vp8: 9c59270c3fd7afecdb556c50c9e8de78 -> 
  custom:audio-decoder-ogg-vorbis: bf7c407c2cedff20999df2af8eb42d56 -> 
========================================================================
Received Prepare
Registering precompiled user dll's ...
Registered in 0.005726 seconds.
Begin MonoManager ReloadAssembly
Native extension for WindowsStandalone target not found
Refreshing native plugins compatible for Editor in 0.51 ms, found 2 plugins.
Preloading 0 native plugins for Editor in 0.00 ms.
Mono: successfully reloaded assembly
- Completed reload, in  1.031 seconds
Domain Reload Profiling:
	ReloadAssembly (1032ms)
		BeginReloadAssembly (175ms)
			ExecutionOrderSort (0ms)
			DisableScriptedObjects (5ms)
			BackupInstance (0ms)
			ReleaseScriptingObjects (0ms)
			CreateAndSetChildDomain (28ms)
		EndReloadAssembly (747ms)
			LoadAssemblies (130ms)
			RebuildTransferFunctionScriptingTraits (0ms)
			SetupTypeCache (212ms)
			ReleaseScriptCaches (1ms)
			RebuildScriptCaches (43ms)
			SetupLoadedEditorAssemblies (357ms)
				LogAssemblyErrors (0ms)
				InitializePlatformSupportModulesInManaged (16ms)
				SetLoadedEditorAssemblies (0ms)
				RefreshPlugins (1ms)
				BeforeProcessingInitializeOnLoad (69ms)
				ProcessInitializeOnLoadAttributes (226ms)
				ProcessInitializeOnLoadMethodAttributes (25ms)
				AfterProcessingInitializeOnLoad (20ms)
				EditorAssembliesLoaded (0ms)
			ExecutionOrderSort2 (0ms)
			AwakeInstancesAfterBackupRestoration (12ms)
Platform modules already initialized, skipping
Refreshing native plugins compatible for Editor in 1.45 ms, found 2 plugins.
Preloading 0 native plugins for Editor in 0.00 ms.
Unloading 1801 Unused Serialized files (Serialized files now loaded: 0)
Unloading 13 unused Assets / (24.7 KB). Loaded Objects now: 2383.
Memory consumption went from 167.3 MB to 167.3 MB.
Total: 2.548600 ms (FindLiveObjects: 0.184000 ms CreateObjectMapping: 0.043300 ms MarkObjects: 2.307600 ms  DeleteObjects: 0.012800 ms)

AssetImportParameters requested are different than current active one (requested -> active):
  custom:video-decoder-ogg-theora: a1e56fd34408186e4bbccfd4996cb3dc -> 
  custom:container-muxer-webm: aa71ff27fc2769a1b78a27578f13a17b -> 
  custom:container-demuxer-webm: 4f35f7cbe854078d1ac9338744f61a02 -> 
  custom:video-encoder-webm-vp8: eb34c28f22e8b96e1ab97ce403110664 -> 
  custom:video-codec-MediaFoundation-h265: e54d7ab0439102e2317fc1e4b246158d -> 
  custom:audio-encoder-webm-vorbis: bf7c407c2cedff20999df2af8eb42d56 -> 
  custom:framework-win-MediaFoundation: 216162199b28c13a410421893ffa2e32 -> 
  custom:container-demuxer-ogg: 62fdf1f143b41e24485cea50d1cbac27 -> 
  custom:video-decoder-webm-vp8: 9c59270c3fd7afecdb556c50c9e8de78 -> 
  custom:audio-decoder-ogg-vorbis: bf7c407c2cedff20999df2af8eb42d56 -> 
========================================================================
Received Prepare
Registering precompiled user dll's ...
Registered in 0.005787 seconds.
Begin MonoManager ReloadAssembly
Native extension for WindowsStandalone target not found
Refreshing native plugins compatible for Editor in 0.49 ms, found 2 plugins.
Preloading 0 native plugins for Editor in 0.00 ms.
Mono: successfully reloaded assembly
- Completed reload, in  1.031 seconds
Domain Reload Profiling:
	ReloadAssembly (1032ms)
		BeginReloadAssembly (188ms)
			ExecutionOrderSort (0ms)
			DisableScriptedObjects (7ms)
			BackupInstance (0ms)
			ReleaseScriptingObjects (0ms)
			CreateAndSetChildDomain (38ms)
		EndReloadAssembly (730ms)
			LoadAssemblies (124ms)
			RebuildTransferFunctionScriptingTraits (0ms)
			SetupTypeCache (211ms)
			ReleaseScriptCaches (1ms)
			RebuildScriptCaches (37ms)
			SetupLoadedEditorAssemblies (356ms)
				LogAssemblyErrors (0ms)
				InitializePlatformSupportModulesInManaged (15ms)
				SetLoadedEditorAssemblies (0ms)
				RefreshPlugins (1ms)
				BeforeProcessingInitializeOnLoad (79ms)
				ProcessInitializeOnLoadAttributes (209ms)
				ProcessInitializeOnLoadMethodAttributes (28ms)
				AfterProcessingInitializeOnLoad (24ms)
				EditorAssembliesLoaded (0ms)
			ExecutionOrderSort2 (0ms)
			AwakeInstancesAfterBackupRestoration (13ms)
Platform modules already initialized, skipping
Refreshing native plugins compatible for Editor in 1.60 ms, found 2 plugins.
Preloading 0 native plugins for Editor in 0.00 ms.
Unloading 1801 Unused Serialized files (Serialized files now loaded: 0)
Unloading 13 unused Assets / (24.7 KB). Loaded Objects now: 2386.
Memory consumption went from 167.3 MB to 167.3 MB.
Total: 2.571700 ms (FindLiveObjects: 0.197800 ms CreateObjectMapping: 0.045200 ms MarkObjects: 2.315800 ms  DeleteObjects: 0.011800 ms)

AssetImportParameters requested are different than current active one (requested -> active):
  custom:video-decoder-ogg-theora: a1e56fd34408186e4bbccfd4996cb3dc -> 
  custom:container-muxer-webm: aa71ff27fc2769a1b78a27578f13a17b -> 
  custom:container-demuxer-webm: 4f35f7cbe854078d1ac9338744f61a02 -> 
  custom:video-encoder-webm-vp8: eb34c28f22e8b96e1ab97ce403110664 -> 
  custom:video-codec-MediaFoundation-h265: e54d7ab0439102e2317fc1e4b246158d -> 
  custom:audio-encoder-webm-vorbis: bf7c407c2cedff20999df2af8eb42d56 -> 
  custom:framework-win-MediaFoundation: 216162199b28c13a410421893ffa2e32 -> 
  custom:container-demuxer-ogg: 62fdf1f143b41e24485cea50d1cbac27 -> 
  custom:video-decoder-webm-vp8: 9c59270c3fd7afecdb556c50c9e8de78 -> 
  custom:audio-decoder-ogg-vorbis: bf7c407c2cedff20999df2af8eb42d56 -> 
========================================================================
Received Import Request.
  Time since last request: 591.239383 seconds.
  path: Assets/_Bad_Raccoon/_3D Realistic Terrain Free/Example_01/ReflectionProbe-0.exr
  artifactKey: Guid(c27c16560abed1d42b6e480044cc1927) Importer(815301076,1909f56bfc062723c751e8b465ee728b)
Start importing Assets/_Bad_Raccoon/_3D Realistic Terrain Free/Example_01/ReflectionProbe-0.exr using Guid(c27c16560abed1d42b6e480044cc1927) Importer(815301076,1909f56bfc062723c751e8b465ee728b)  -> (artifact id: 'de068f5dac1e8016a443de003c95476b') in 0.094834 seconds 
========================================================================
Received Import Request.
  Time since last request: 3.194039 seconds.
  path: Assets/_Bad_Raccoon/_3D Realistic Terrain Free/Prefabs/Particle_Cloud_Atmos_B.prefab
  artifactKey: Guid(4e5bf2674ffac8d48acc0a1cc9200a67) Importer(815301076,1909f56bfc062723c751e8b465ee728b)
Start importing Assets/_Bad_Raccoon/_3D Realistic Terrain Free/Prefabs/Particle_Cloud_Atmos_B.prefab using Guid(4e5bf2674ffac8d48acc0a1cc9200a67) Importer(815301076,1909f56bfc062723c751e8b465ee728b)  -> (artifact id: '4c22993fe9375f0319cd9e19832a53bc') in 0.028024 seconds 
========================================================================
Received Import Request.
  Time since last request: 5.659423 seconds.
  path: Assets/_Bad_Raccoon/_3D Realistic Terrain Free/Terrains/Terrain_A.mat
  artifactKey: Guid(67d8742ef68267b4895b0a8c82145879) Importer(815301076,1909f56bfc062723c751e8b465ee728b)
Start importing Assets/_Bad_Raccoon/_3D Realistic Terrain Free/Terrains/Terrain_A.mat using Guid(67d8742ef68267b4895b0a8c82145879) Importer(815301076,1909f56bfc062723c751e8b465ee728b)  -> (artifact id: 'ba5fd74f67ad44ceb82694e77d653219') in 0.330925 seconds 
========================================================================
Received Import Request.
  Time since last request: 3.656054 seconds.
  path: Assets/_Bad_Raccoon/_3D Realistic Terrain Free/Textures/CloudBlur.mat
  artifactKey: Guid(a6003e66fc76447488796c7f0b80851c) Importer(815301076,1909f56bfc062723c751e8b465ee728b)
Start importing Assets/_Bad_Raccoon/_3D Realistic Terrain Free/Textures/CloudBlur.mat using Guid(a6003e66fc76447488796c7f0b80851c) Importer(815301076,1909f56bfc062723c751e8b465ee728b)  -> (artifact id: '75874704b5ab8eecf521dd06c5496ded') in 0.024715 seconds 
========================================================================
Received Import Request.
  Time since last request: 0.000016 seconds.
  path: Assets/_Bad_Raccoon/_3D Realistic Terrain Free/Textures/Skybox.mat
  artifactKey: Guid(a91a831221cf96c42a5483d5ce1d14e4) Importer(815301076,1909f56bfc062723c751e8b465ee728b)
Start importing Assets/_Bad_Raccoon/_3D Realistic Terrain Free/Textures/Skybox.mat using Guid(a91a831221cf96c42a5483d5ce1d14e4) Importer(815301076,1909f56bfc062723c751e8b465ee728b)  -> (artifact id: 'cf9f5d4466efe09f597943f2c9222b7b') in 0.109384 seconds 
========================================================================
Received Import Request.
  Time since last request: 0.000019 seconds.
  path: Assets/_Bad_Raccoon/_3D Realistic Terrain Free/Textures/CloudBlur.png
  artifactKey: Guid(372589839a9c7c84594bb21c04c76f09) Importer(815301076,1909f56bfc062723c751e8b465ee728b)
Start importing Assets/_Bad_Raccoon/_3D Realistic Terrain Free/Textures/CloudBlur.png using Guid(372589839a9c7c84594bb21c04c76f09) Importer(815301076,1909f56bfc062723c751e8b465ee728b)  -> (artifact id: '64e152d425b6d5ba8df3791543fdbfa1') in 0.036417 seconds 
========================================================================
Received Import Request.
  Time since last request: 0.000040 seconds.
  path: Assets/_Bad_Raccoon/_3D Realistic Terrain Free/Textures/Diffuse_8K_Flat_C.png
  artifactKey: Guid(217529463d18ec548b3ae57962bfa781) Importer(815301076,1909f56bfc062723c751e8b465ee728b)
Start importing Assets/_Bad_Raccoon/_3D Realistic Terrain Free/Textures/Diffuse_8K_Flat_C.png using Guid(217529463d18ec548b3ae57962bfa781) Importer(815301076,1909f56bfc062723c751e8b465ee728b)  -> (artifact id: '4c76d51ea65d88496f5aa9d119a058c2') in 0.131272 seconds 
========================================================================
Received Import Request.
  Time since last request: 0.000030 seconds.
  path: Assets/_Bad_Raccoon/_3D Realistic Terrain Free/Textures/Detail_Bump_01.png
  artifactKey: Guid(81ffbb4169ee1bd478a96b890f63e665) Importer(815301076,1909f56bfc062723c751e8b465ee728b)
Start importing Assets/_Bad_Raccoon/_3D Realistic Terrain Free/Textures/Detail_Bump_01.png using Guid(81ffbb4169ee1bd478a96b890f63e665) Importer(815301076,1909f56bfc062723c751e8b465ee728b)  -> (artifact id: '8b9803df2c236e7b02ab8162b5dc6448') in 0.034057 seconds 
========================================================================
Received Import Request.
  Time since last request: 0.000053 seconds.
  path: Assets/_Bad_Raccoon/_3D Realistic Terrain Free/Textures/Diffuse_8K_Flat_A.png
  artifactKey: Guid(61cd40e5a441efb4e8e848d1633a38ae) Importer(815301076,1909f56bfc062723c751e8b465ee728b)
Start importing Assets/_Bad_Raccoon/_3D Realistic Terrain Free/Textures/Diffuse_8K_Flat_A.png using Guid(61cd40e5a441efb4e8e848d1633a38ae) Importer(815301076,1909f56bfc062723c751e8b465ee728b)  -> (artifact id: '8c7ff4d5acc30dd09b7a3dc15712ebcf') in 0.085111 seconds 
Editor requested this worker to shutdown with reason: Scaling down because of idle timeout
AssetImportWorker is now disconnected from the server
Process exiting
Exiting without the bug reporter. Application will terminate with return code 0